14:40:34,406 (main) INFO  [DataNucleus.Enhancer] - DataNucleus Enhancer (versión 5.2.2) para el API "JDO" utilisando el JRE "{2}"
14:40:34,910 (main) INFO  [DataNucleus.Enhancer] - Escribiendo el archivo de clase "C:\GitHub\BSPQ20-E4\target\classes\server\easyFilminData\Actor.class" con definicion enhanced
14:40:34,912 (main) INFO  [DataNucleus.Enhancer] - ENHANCED (Persistable) : server.easyFilminData.Actor
14:40:34,924 (main) INFO  [DataNucleus.Enhancer] - Escribiendo el archivo de clase "C:\GitHub\BSPQ20-E4\target\classes\server\easyFilminData\Comment.class" con definicion enhanced
14:40:34,925 (main) INFO  [DataNucleus.Enhancer] - ENHANCED (Persistable) : server.easyFilminData.Comment
14:40:34,932 (main) INFO  [DataNucleus.Enhancer] - Escribiendo el archivo de clase "C:\GitHub\BSPQ20-E4\target\classes\server\easyFilminData\Director.class" con definicion enhanced
14:40:34,934 (main) INFO  [DataNucleus.Enhancer] - ENHANCED (Persistable) : server.easyFilminData.Director
14:40:34,945 (main) INFO  [DataNucleus.Enhancer] - Escribiendo el archivo de clase "C:\GitHub\BSPQ20-E4\target\classes\server\easyFilminData\Film.class" con definicion enhanced
14:40:34,947 (main) INFO  [DataNucleus.Enhancer] - ENHANCED (Persistable) : server.easyFilminData.Film
14:40:34,957 (main) INFO  [DataNucleus.Enhancer] - Escribiendo el archivo de clase "C:\GitHub\BSPQ20-E4\target\classes\server\easyFilminData\FilmList.class" con definicion enhanced
14:40:34,959 (main) INFO  [DataNucleus.Enhancer] - ENHANCED (Persistable) : server.easyFilminData.FilmList
14:40:34,964 (main) INFO  [DataNucleus.Enhancer] - Escribiendo el archivo de clase "C:\GitHub\BSPQ20-E4\target\classes\server\easyFilminData\Genre.class" con definicion enhanced
14:40:34,965 (main) INFO  [DataNucleus.Enhancer] - ENHANCED (Persistable) : server.easyFilminData.Genre
14:40:34,974 (main) INFO  [DataNucleus.Enhancer] - Escribiendo el archivo de clase "C:\GitHub\BSPQ20-E4\target\classes\server\easyFilminData\Message.class" con definicion enhanced
14:40:34,975 (main) INFO  [DataNucleus.Enhancer] - ENHANCED (Persistable) : server.easyFilminData.Message
14:40:34,985 (main) INFO  [DataNucleus.Enhancer] - Escribiendo el archivo de clase "C:\GitHub\BSPQ20-E4\target\classes\server\easyFilminData\User.class" con definicion enhanced
14:40:34,988 (main) INFO  [DataNucleus.Enhancer] - ENHANCED (Persistable) : server.easyFilminData.User
14:40:34,996 (main) INFO  [DataNucleus.Enhancer] - Escribiendo el archivo de clase "C:\GitHub\BSPQ20-E4\target\classes\server\easyFilminData\Watched.class" con definicion enhanced
14:40:34,997 (main) INFO  [DataNucleus.Enhancer] - ENHANCED (Persistable) : server.easyFilminData.Watched
14:40:35,004 (main) INFO  [DataNucleus.Enhancer] - Escribiendo el archivo de clase "C:\GitHub\BSPQ20-E4\target\classes\server\easyFilminData\WatchList.class" con definicion enhanced
14:40:35,006 (main) INFO  [DataNucleus.Enhancer] - ENHANCED (Persistable) : server.easyFilminData.WatchList
14:40:35,012 (main) INFO  [DataNucleus.Enhancer] - DataNucleus Enhancer ha terminado con exito para 10 clases. Tiempos : input=420 ms, enhance=170 ms, total=590 ms. Compruebe el LOG para los detalles
14:40:42,384 (main) INFO  [DataNucleus.SchemaTool] - DataNucleus SchemaTool : Creación del esquema para clases
14:40:42,389 (main) INFO  [DataNucleus.SchemaTool] - DataNucleus SchemaTool : Classpath
14:40:42,390 (main) INFO  [DataNucleus.SchemaTool] - >>  C:\apache-maven-3.6.3-bin\apache-maven-3.6.3\bin\..\boot\plexus-classworlds-2.6.0.jar
14:40:42,550 (main) INFO  [DataNucleus.Persistence] - Propiedad datanucleus.validateconstraints desconocida - vamos a ignorarla
14:40:42,550 (main) INFO  [DataNucleus.Persistence] - Propiedad datanucleus.metadata.validate desconocida - vamos a ignorarla
14:40:42,553 (main) INFO  [DataNucleus.Persistence] - Propiedad datanucleus.validatetables desconocida - vamos a ignorarla
14:40:43,811 (main) WARN  [DataNucleus.Datastore] - Default type for java type of java.math.BigInteger was previously jdbc-type=NUMERIC but this is not provided by the JDBC driver! Please report this to the DataNucleus developers
14:40:44,116 (main) INFO  [DataNucleus.SchemaTool] - DataNucleus SchemaTool : Propiedades para persistencia
14:40:44,123 (main) INFO  [DataNucleus.SchemaTool] - >>  datanucleus.autostartmechanism=None
14:40:44,126 (main) INFO  [DataNucleus.SchemaTool] - >>  datanucleus.connectiondrivername=com.mysql.cj.jdbc.Driver
14:40:44,132 (main) INFO  [DataNucleus.SchemaTool] - >>  datanucleus.connectionurl=jdbc:mysql://localhost/easyfilminDB?verifyServerCertificate=false&useSSL=true&useLegacyDatetimeCode=false&serverTimezone=UTC
14:40:44,147 (main) INFO  [DataNucleus.SchemaTool] - >>  datanucleus.connectionusername=spq
14:40:44,151 (main) INFO  [DataNucleus.SchemaTool] - >>  datanucleus.mapping=mysql
14:40:44,152 (main) INFO  [DataNucleus.SchemaTool] - >>  datanucleus.metadata.validate=false
14:40:44,155 (main) INFO  [DataNucleus.SchemaTool] - >>  datanucleus.rdbms.checkexisttablesorviews=true
14:40:44,163 (main) INFO  [DataNucleus.SchemaTool] - >>  datanucleus.readonlydatastore=false
14:40:44,166 (main) INFO  [DataNucleus.SchemaTool] - >>  datanucleus.schema.autocreatecolumns=true
14:40:44,168 (main) INFO  [DataNucleus.SchemaTool] - >>  datanucleus.schema.autocreateconstraints=true
14:40:44,175 (main) INFO  [DataNucleus.SchemaTool] - >>  datanucleus.schema.autocreatetables=true
14:40:44,178 (main) INFO  [DataNucleus.SchemaTool] - >>  datanucleus.validateconstraints=false
14:40:44,180 (main) INFO  [DataNucleus.SchemaTool] - >>  datanucleus.validatetables=false
14:40:44,182 (main) INFO  [DataNucleus.SchemaTool] - DataNucleus SchemaTool : Ficheros
14:40:44,185 (main) INFO  [DataNucleus.SchemaTool] - >>  C:\GitHub\BSPQ20-E4\target\classes\client\controller\EasyFilmController$1.class
14:40:44,191 (main) INFO  [DataNucleus.SchemaTool] - >>  C:\GitHub\BSPQ20-E4\target\classes\client\controller\EasyFilmController$2.class
14:40:44,198 (main) INFO  [DataNucleus.SchemaTool] - >>  C:\GitHub\BSPQ20-E4\target\classes\client\controller\EasyFilmController$3.class
14:40:44,202 (main) INFO  [DataNucleus.SchemaTool] - >>  C:\GitHub\BSPQ20-E4\target\classes\client\controller\EasyFilmController$4.class
14:40:44,209 (main) INFO  [DataNucleus.SchemaTool] - >>  C:\GitHub\BSPQ20-E4\target\classes\client\controller\EasyFilmController.class
14:40:44,219 (main) INFO  [DataNucleus.SchemaTool] - >>  C:\GitHub\BSPQ20-E4\target\classes\client\main\EasyFilmin.class
14:40:44,223 (main) INFO  [DataNucleus.SchemaTool] - >>  C:\GitHub\BSPQ20-E4\target\classes\client\main\EasyFilminAdmin.class
14:40:44,231 (main) INFO  [DataNucleus.SchemaTool] - >>  C:\GitHub\BSPQ20-E4\target\classes\client\ui\AdminUI.class
14:40:44,234 (main) INFO  [DataNucleus.SchemaTool] - >>  C:\GitHub\BSPQ20-E4\target\classes\client\ui\CreateList$1.class
14:40:44,238 (main) INFO  [DataNucleus.SchemaTool] - >>  C:\GitHub\BSPQ20-E4\target\classes\client\ui\CreateList$2.class
14:40:44,244 (main) INFO  [DataNucleus.SchemaTool] - >>  C:\GitHub\BSPQ20-E4\target\classes\client\ui\CreateList$3.class
14:40:44,248 (main) INFO  [DataNucleus.SchemaTool] - >>  C:\GitHub\BSPQ20-E4\target\classes\client\ui\CreateList$4.class
14:40:44,250 (main) INFO  [DataNucleus.SchemaTool] - >>  C:\GitHub\BSPQ20-E4\target\classes\client\ui\CreateList$5.class
14:40:44,253 (main) INFO  [DataNucleus.SchemaTool] - >>  C:\GitHub\BSPQ20-E4\target\classes\client\ui\CreateList.class
14:40:44,262 (main) INFO  [DataNucleus.SchemaTool] - >>  C:\GitHub\BSPQ20-E4\target\classes\client\ui\FilmListUI$1.class
14:40:44,265 (main) INFO  [DataNucleus.SchemaTool] - >>  C:\GitHub\BSPQ20-E4\target\classes\client\ui\FilmListUI.class
14:40:44,267 (main) INFO  [DataNucleus.SchemaTool] - >>  C:\GitHub\BSPQ20-E4\target\classes\client\ui\FilmUI$1.class
14:40:44,277 (main) INFO  [DataNucleus.SchemaTool] - >>  C:\GitHub\BSPQ20-E4\target\classes\client\ui\FilmUI$2.class
14:40:44,281 (main) INFO  [DataNucleus.SchemaTool] - >>  C:\GitHub\BSPQ20-E4\target\classes\client\ui\FilmUI$3.class
14:40:44,283 (main) INFO  [DataNucleus.SchemaTool] - >>  C:\GitHub\BSPQ20-E4\target\classes\client\ui\FilmUI$4.class
14:40:44,288 (main) INFO  [DataNucleus.SchemaTool] - >>  C:\GitHub\BSPQ20-E4\target\classes\client\ui\FilmUI$5.class
14:40:44,296 (main) INFO  [DataNucleus.SchemaTool] - >>  C:\GitHub\BSPQ20-E4\target\classes\client\ui\FilmUI$6.class
14:40:44,299 (main) INFO  [DataNucleus.SchemaTool] - >>  C:\GitHub\BSPQ20-E4\target\classes\client\ui\FilmUI$7.class
14:40:44,302 (main) INFO  [DataNucleus.SchemaTool] - >>  C:\GitHub\BSPQ20-E4\target\classes\client\ui\FilmUI.class
14:40:44,308 (main) INFO  [DataNucleus.SchemaTool] - >>  C:\GitHub\BSPQ20-E4\target\classes\client\ui\MyLists$1.class
14:40:44,312 (main) INFO  [DataNucleus.SchemaTool] - >>  C:\GitHub\BSPQ20-E4\target\classes\client\ui\MyLists$2.class
14:40:44,315 (main) INFO  [DataNucleus.SchemaTool] - >>  C:\GitHub\BSPQ20-E4\target\classes\client\ui\MyLists.class
14:40:44,318 (main) INFO  [DataNucleus.SchemaTool] - >>  C:\GitHub\BSPQ20-E4\target\classes\client\ui\UserLog$1.class
14:40:44,323 (main) INFO  [DataNucleus.SchemaTool] - >>  C:\GitHub\BSPQ20-E4\target\classes\client\ui\UserLog$2.class
14:40:44,335 (main) INFO  [DataNucleus.SchemaTool] - >>  C:\GitHub\BSPQ20-E4\target\classes\client\ui\UserLog.class
14:40:44,344 (main) INFO  [DataNucleus.SchemaTool] - >>  C:\GitHub\BSPQ20-E4\target\classes\client\ui\UserReg$1.class
14:40:44,349 (main) INFO  [DataNucleus.SchemaTool] - >>  C:\GitHub\BSPQ20-E4\target\classes\client\ui\UserReg$2.class
14:40:44,358 (main) INFO  [DataNucleus.SchemaTool] - >>  C:\GitHub\BSPQ20-E4\target\classes\client\ui\UserReg.class
14:40:44,367 (main) INFO  [DataNucleus.SchemaTool] - >>  C:\GitHub\BSPQ20-E4\target\classes\client\ui\UserUI$1.class
14:40:44,375 (main) INFO  [DataNucleus.SchemaTool] - >>  C:\GitHub\BSPQ20-E4\target\classes\client\ui\UserUI$2.class
14:40:44,380 (main) INFO  [DataNucleus.SchemaTool] - >>  C:\GitHub\BSPQ20-E4\target\classes\client\ui\UserUI.class
14:40:44,383 (main) INFO  [DataNucleus.SchemaTool] - >>  C:\GitHub\BSPQ20-E4\target\classes\serialization\ActorData.class
14:40:44,388 (main) INFO  [DataNucleus.SchemaTool] - >>  C:\GitHub\BSPQ20-E4\target\classes\serialization\CommentData.class
14:40:44,394 (main) INFO  [DataNucleus.SchemaTool] - >>  C:\GitHub\BSPQ20-E4\target\classes\serialization\DirectorData.class
14:40:44,397 (main) INFO  [DataNucleus.SchemaTool] - >>  C:\GitHub\BSPQ20-E4\target\classes\serialization\FilmData.class
14:40:44,399 (main) INFO  [DataNucleus.SchemaTool] - >>  C:\GitHub\BSPQ20-E4\target\classes\serialization\FilmListData.class
14:40:44,406 (main) INFO  [DataNucleus.SchemaTool] - >>  C:\GitHub\BSPQ20-E4\target\classes\serialization\MessageData.class
14:40:44,412 (main) INFO  [DataNucleus.SchemaTool] - >>  C:\GitHub\BSPQ20-E4\target\classes\serialization\UserData.class
14:40:44,416 (main) INFO  [DataNucleus.SchemaTool] - >>  C:\GitHub\BSPQ20-E4\target\classes\serialization\UserProfile.class
14:40:44,418 (main) INFO  [DataNucleus.SchemaTool] - >>  C:\GitHub\BSPQ20-E4\target\classes\server\easyFilminDAO\EasyFilminJDO.class
14:40:44,421 (main) INFO  [DataNucleus.SchemaTool] - >>  C:\GitHub\BSPQ20-E4\target\classes\server\easyFilminDAO\IEasyFilminDAO.class
14:40:44,429 (main) INFO  [DataNucleus.SchemaTool] - >>  C:\GitHub\BSPQ20-E4\target\classes\server\easyFilminData\Actor.class
14:40:44,431 (main) INFO  [DataNucleus.SchemaTool] - >>  C:\GitHub\BSPQ20-E4\target\classes\server\easyFilminData\Comment.class
14:40:44,434 (main) INFO  [DataNucleus.SchemaTool] - >>  C:\GitHub\BSPQ20-E4\target\classes\server\easyFilminData\Director.class
14:40:44,442 (main) INFO  [DataNucleus.SchemaTool] - >>  C:\GitHub\BSPQ20-E4\target\classes\server\easyFilminData\Film.class
14:40:44,446 (main) INFO  [DataNucleus.SchemaTool] - >>  C:\GitHub\BSPQ20-E4\target\classes\server\easyFilminData\FilmList.class
14:40:44,450 (main) INFO  [DataNucleus.SchemaTool] - >>  C:\GitHub\BSPQ20-E4\target\classes\server\easyFilminData\Genre.class
14:40:44,452 (main) INFO  [DataNucleus.SchemaTool] - >>  C:\GitHub\BSPQ20-E4\target\classes\server\easyFilminData\JDO_Test_Main.class
14:40:44,456 (main) INFO  [DataNucleus.SchemaTool] - >>  C:\GitHub\BSPQ20-E4\target\classes\server\easyFilminData\Message.class
14:40:44,462 (main) INFO  [DataNucleus.SchemaTool] - >>  C:\GitHub\BSPQ20-E4\target\classes\server\easyFilminData\User.class
14:40:44,464 (main) INFO  [DataNucleus.SchemaTool] - >>  C:\GitHub\BSPQ20-E4\target\classes\server\easyFilminData\Watched.class
14:40:44,467 (main) INFO  [DataNucleus.SchemaTool] - >>  C:\GitHub\BSPQ20-E4\target\classes\server\easyFilminData\WatchList.class
14:40:44,471 (main) INFO  [DataNucleus.SchemaTool] - >>  C:\GitHub\BSPQ20-E4\target\classes\server\Server.class
14:40:45,879 (main) INFO  [DataNucleus.SchemaTool] - DataNucleus SchemaTool ha terminado con exito
14:40:56,092 (main) INFO  [DataNucleus.Enhancer] - DataNucleus Enhancer (versión 5.2.2) para el API "JDO" utilisando el JRE "{2}"
14:40:56,316 (main) INFO  [DataNucleus.Enhancer] - La clase "server.easyFilminData.Actor" esta enhanced.
14:40:56,317 (main) INFO  [DataNucleus.Enhancer] - ENHANCED (Persistable) : server.easyFilminData.Actor
14:40:56,323 (main) INFO  [DataNucleus.Enhancer] - La clase "server.easyFilminData.Comment" esta enhanced.
14:40:56,323 (main) INFO  [DataNucleus.Enhancer] - ENHANCED (Persistable) : server.easyFilminData.Comment
14:40:56,329 (main) INFO  [DataNucleus.Enhancer] - La clase "server.easyFilminData.Director" esta enhanced.
14:40:56,329 (main) INFO  [DataNucleus.Enhancer] - ENHANCED (Persistable) : server.easyFilminData.Director
14:40:56,332 (main) INFO  [DataNucleus.Enhancer] - La clase "server.easyFilminData.Film" esta enhanced.
14:40:56,332 (main) INFO  [DataNucleus.Enhancer] - ENHANCED (Persistable) : server.easyFilminData.Film
14:40:56,335 (main) INFO  [DataNucleus.Enhancer] - La clase "server.easyFilminData.FilmList" esta enhanced.
14:40:56,335 (main) INFO  [DataNucleus.Enhancer] - ENHANCED (Persistable) : server.easyFilminData.FilmList
14:40:56,341 (main) INFO  [DataNucleus.Enhancer] - La clase "server.easyFilminData.Genre" esta enhanced.
14:40:56,342 (main) INFO  [DataNucleus.Enhancer] - ENHANCED (Persistable) : server.easyFilminData.Genre
14:40:56,350 (main) INFO  [DataNucleus.Enhancer] - La clase "server.easyFilminData.Message" esta enhanced.
14:40:56,351 (main) INFO  [DataNucleus.Enhancer] - ENHANCED (Persistable) : server.easyFilminData.Message
14:40:56,355 (main) INFO  [DataNucleus.Enhancer] - La clase "server.easyFilminData.User" esta enhanced.
14:40:56,355 (main) INFO  [DataNucleus.Enhancer] - ENHANCED (Persistable) : server.easyFilminData.User
14:40:56,362 (main) INFO  [DataNucleus.Enhancer] - La clase "server.easyFilminData.Watched" esta enhanced.
14:40:56,363 (main) INFO  [DataNucleus.Enhancer] - ENHANCED (Persistable) : server.easyFilminData.Watched
14:40:56,369 (main) INFO  [DataNucleus.Enhancer] - La clase "server.easyFilminData.WatchList" esta enhanced.
14:40:56,370 (main) INFO  [DataNucleus.Enhancer] - ENHANCED (Persistable) : server.easyFilminData.WatchList
14:40:56,381 (main) INFO  [DataNucleus.Enhancer] - DataNucleus Enhancer ha terminado con exito para 10 clases. Tiempos : input=189 ms, enhance=84 ms, total=273 ms. Compruebe el LOG para los detalles
14:41:14,769 (qtp195359600-21) INFO  [DataNucleus.Persistence] - Propiedad datanucleus.validateTables desconocida - vamos a ignorarla
14:41:14,771 (qtp195359600-21) INFO  [DataNucleus.Persistence] - Propiedad datanucleus.validateConstraints desconocida - vamos a ignorarla
14:41:14,772 (qtp195359600-21) INFO  [DataNucleus.Persistence] - Propiedad datanucleus.metadata.validate desconocida - vamos a ignorarla
14:41:15,845 (qtp195359600-21) WARN  [DataNucleus.Datastore] - Default type for java type of java.math.BigInteger was previously jdbc-type=NUMERIC but this is not provided by the JDBC driver! Please report this to the DataNucleus developers
14:41:17,164 (qtp195359600-21) WARN  [DataNucleus.Datastore.Persist] - Persistencia del objeto "server.easyFilminData.User@71e6385e" con SQL "INSERT INTO `USER` (`EMAIL`,`ICON`,`PASSWORD`,`WATCHLIST_WATCHLIST_ID_OID`,`WATCHED_WATCHED_ID_OID`,`NICKNAME`) VALUES (?,?,?,?,?,?)" ha tirado un error : Duplicate entry 'egui2' for key 'user.PRIMARY'
14:41:17,858 (qtp195359600-16) INFO  [DataNucleus.Persistence] - Propiedad datanucleus.validateTables desconocida - vamos a ignorarla
14:41:17,861 (qtp195359600-16) INFO  [DataNucleus.Persistence] - Propiedad datanucleus.validateConstraints desconocida - vamos a ignorarla
14:41:17,863 (qtp195359600-16) INFO  [DataNucleus.Persistence] - Propiedad datanucleus.metadata.validate desconocida - vamos a ignorarla
14:41:17,968 (qtp195359600-16) WARN  [DataNucleus.Datastore] - Default type for java type of java.math.BigInteger was previously jdbc-type=NUMERIC but this is not provided by the JDBC driver! Please report this to the DataNucleus developers
14:41:18,385 (qtp195359600-16) WARN  [DataNucleus.Datastore.Persist] - Persistencia del objeto "server.easyFilminData.User@15d22f87" con SQL "INSERT INTO `USER` (`EMAIL`,`ICON`,`PASSWORD`,`WATCHLIST_WATCHLIST_ID_OID`,`WATCHED_WATCHED_ID_OID`,`NICKNAME`) VALUES (?,?,?,?,?,?)" ha tirado un error : Duplicate entry 'Marcos' for key 'user.PRIMARY'
14:41:22,847 (qtp195359600-22) INFO  [DataNucleus.Persistence] - Propiedad datanucleus.validateTables desconocida - vamos a ignorarla
14:41:22,848 (qtp195359600-22) INFO  [DataNucleus.Persistence] - Propiedad datanucleus.validateConstraints desconocida - vamos a ignorarla
14:41:22,849 (qtp195359600-22) INFO  [DataNucleus.Persistence] - Propiedad datanucleus.metadata.validate desconocida - vamos a ignorarla
14:41:22,942 (qtp195359600-22) WARN  [DataNucleus.Datastore] - Default type for java type of java.math.BigInteger was previously jdbc-type=NUMERIC but this is not provided by the JDBC driver! Please report this to the DataNucleus developers
14:41:31,076 (qtp195359600-23) INFO  [DataNucleus.Persistence] - Propiedad datanucleus.validateTables desconocida - vamos a ignorarla
14:41:31,077 (qtp195359600-23) INFO  [DataNucleus.Persistence] - Propiedad datanucleus.validateConstraints desconocida - vamos a ignorarla
14:41:31,078 (qtp195359600-23) INFO  [DataNucleus.Persistence] - Propiedad datanucleus.metadata.validate desconocida - vamos a ignorarla
14:41:31,147 (qtp195359600-23) WARN  [DataNucleus.Datastore] - Default type for java type of java.math.BigInteger was previously jdbc-type=NUMERIC but this is not provided by the JDBC driver! Please report this to the DataNucleus developers
14:41:47,489 (qtp195359600-18) INFO  [DataNucleus.Persistence] - Propiedad datanucleus.validateTables desconocida - vamos a ignorarla
14:41:47,489 (qtp195359600-18) INFO  [DataNucleus.Persistence] - Propiedad datanucleus.validateConstraints desconocida - vamos a ignorarla
14:41:47,491 (qtp195359600-18) INFO  [DataNucleus.Persistence] - Propiedad datanucleus.metadata.validate desconocida - vamos a ignorarla
14:41:47,572 (qtp195359600-18) WARN  [DataNucleus.Datastore] - Default type for java type of java.math.BigInteger was previously jdbc-type=NUMERIC but this is not provided by the JDBC driver! Please report this to the DataNucleus developers
14:41:49,936 (qtp195359600-21) INFO  [DataNucleus.Persistence] - Propiedad datanucleus.validateTables desconocida - vamos a ignorarla
14:41:49,937 (qtp195359600-21) INFO  [DataNucleus.Persistence] - Propiedad datanucleus.validateConstraints desconocida - vamos a ignorarla
14:41:49,940 (qtp195359600-21) INFO  [DataNucleus.Persistence] - Propiedad datanucleus.metadata.validate desconocida - vamos a ignorarla
14:41:50,008 (qtp195359600-21) WARN  [DataNucleus.Datastore] - Default type for java type of java.math.BigInteger was previously jdbc-type=NUMERIC but this is not provided by the JDBC driver! Please report this to the DataNucleus developers
16:11:20,241 (qtp195359600-23) INFO  [DataNucleus.Persistence] - Propiedad datanucleus.validateTables desconocida - vamos a ignorarla
